2025-01-01 update scripts [1]
2025-01-01 fix build error [2]
2025-01-01 fix crash issue [3]
2025-01-01 update workflow [4]
2025-01-01 update metadata [5]
2025-01-01 rollback changes [6]
2025-01-01 update API keys [7]
2025-01-01 update docs with examples [8]
2025-01-01 fix bug [9]
2025-01-01 rollback changes [10]
2025-01-01 stabilize build [11]
2025-01-01 improve performance [12]
2025-01-01 adjust error messages [13]
2025-01-01 experimental changes [14]
2025-01-01 patch vulnerability [15]
2025-01-01 stabilize build [16]
2025-01-01 update roadmap [17]
2025-01-01 optimize queries [18]
2025-01-01 small refactor [19]
2025-01-01 cleanup code [20]
2025-01-01 add changelog [21]
2025-01-01 initial commit [22]
2025-01-01 improve security [23]
2025-01-01 enhance logging [24]
2025-01-01 improve UX [25]
2025-01-01 update feature [26]
2025-01-01 improve security [27]
2025-01-01 add fallback [28]
2025-01-01 improve logging format [29]
2025-01-01 simplify logic [30]
2025-01-01 update API docs [31]
2025-01-01 fix timezone issue [32]
2025-01-01 adjust validation rules [33]
2025-01-01 update database schema [34]
2025-01-01 add fallback [35]
2025-01-01 adjust error messages [36]
2025-01-01 adjust error messages [37]
2025-01-01 patch vulnerability [38]
2025-01-02 update API keys [1]
2025-01-02 small refactor [2]
2025-01-02 minor refactor [3]
2025-01-02 small refactor [4]
2025-01-02 update docs with examples [5]
2025-01-02 remove unused import [6]
2025-01-02 fix type error [7]
2025-01-02 fix async issue [8]
2025-01-02 restructure modules [9]
2025-01-02 update gitignore [10]
2025-01-02 update schema migration [11]
2025-01-02 update headers [12]
2025-01-02 rebuild project [13]
2025-01-02 add helper function [14]
2025-01-02 stabilize build [15]
